<?xml version="1.0" encoding="UTF-8"?>
<testng-results ignored="0" total="1" passed="1" failed="0" skipped="0">
  <reporter-output>
  </reporter-output>
  <suite started-at="2024-08-01T12:08:38 IST" name="Suite" finished-at="2024-08-01T12:09:18 IST" duration-ms="40636">
    <groups>
    </groups>
    <test started-at="2024-08-01T12:08:38 IST" name="Test" finished-at="2024-08-01T12:09:18 IST" duration-ms="40636">
      <class name="Frame.api_demos">
        <test-method is-config="true" signature="setup()[pri:0, instance:Frame.api_demos@4f209819]" started-at="2024-08-01T12:08:38 IST" name="setup" finished-at="2024-08-01T12:09:17 IST" duration-ms="39781" status="PASS">
          <reporter-output>
          </reporter-output>
        </test-method> <!-- setup -->
        <test-method signature="test1()[pri:0, instance:Frame.api_demos@4f209819]" started-at="2024-08-01T12:09:18 IST" name="test1" finished-at="2024-08-01T12:09:18 IST" duration-ms="798" status="PASS">
          <reporter-output>
          </reporter-output>
        </test-method> <!-- test1 -->
      </class> <!-- Frame.api_demos -->
    </test> <!-- Test -->
  </suite> <!-- Suite -->
</testng-results>
