<?xml version="1.0" encoding="UTF-8"?>
<testng-results ignored="0" total="1" passed="1" failed="0" skipped="0">
  <reporter-output>
  </reporter-output>
  <suite started-at="2024-08-01T11:55:44 IST" name="Default suite" finished-at="2024-08-01T11:56:20 IST" duration-ms="35890">
    <groups>
    </groups>
    <test started-at="2024-08-01T11:55:44 IST" name="Default test" finished-at="2024-08-01T11:56:20 IST" duration-ms="35890">
      <class name="Frame.api_demos">
        <test-method is-config="true" signature="setup()[pri:0, instance:Frame.api_demos@1de5f259]" started-at="2024-08-01T11:55:44 IST" name="setup" finished-at="2024-08-01T11:56:19 IST" duration-ms="34903" status="PASS">
          <reporter-output>
          </reporter-output>
        </test-method> <!-- setup -->
        <test-method signature="test1()[pri:0, instance:Frame.api_demos@1de5f259]" started-at="2024-08-01T11:56:19 IST" name="test1" finished-at="2024-08-01T11:56:20 IST" duration-ms="912" status="PASS">
          <reporter-output>
          </reporter-output>
        </test-method> <!-- test1 -->
      </class> <!-- Frame.api_demos -->
    </test> <!-- Default test -->
  </suite> <!-- Default suite -->
</testng-results>
